<?xml version="1.0" encoding="UTF-8"?>
<coverage generated="1720014503185" clover="3.2.0">
  <project timestamp="1720014503185" name="All files">
    <metrics statements="64" coveredstatements="38" conditionals="2" coveredconditionals="2" methods="11" coveredmethods="4" elements="77" coveredelements="44" complexity="0" loc="64" ncloc="64" packages="4" files="9" classes="9"/>
    <package name="Controllers">
      <metrics statements="38" coveredstatements="13" conditionals="2" coveredconditionals="2" methods="9" coveredmethods="2"/>
      <file name="author.controller.js" path="/Users/felicianomandjam/Desktop/Developpement_Web /formationCreteil /DevOps/Test/ApplicationLivres/LivresApp/Back/Controllers/author.controller.js">
        <metrics statements="19" coveredstatements="4" conditionals="0" coveredconditionals="0" methods="4" coveredmethods="0"/>
        <line num="3" count="1" type="stmt"/>
        <line num="4" count="0" type="stmt"/>
        <line num="5" count="0" type="stmt"/>
        <line num="6" count="0" type="stmt"/>
        <line num="7" count="0" type="stmt"/>
        <line num="9" count="0" type="stmt"/>
        <line num="10" count="0" type="stmt"/>
        <line num="13" count="1" type="stmt"/>
        <line num="14" count="0" type="stmt"/>
        <line num="15" count="0" type="stmt"/>
        <line num="16" count="0" type="stmt"/>
        <line num="17" count="0" type="stmt"/>
        <line num="19" count="0" type="stmt"/>
        <line num="20" count="0" type="stmt"/>
        <line num="22" count="0" type="stmt"/>
        <line num="25" count="1" type="stmt"/>
        <line num="26" count="0" type="stmt"/>
        <line num="29" count="1" type="stmt"/>
        <line num="30" count="0" type="stmt"/>
      </file>
      <file name="book.controller.js" path="/Users/felicianomandjam/Desktop/Developpement_Web /formationCreteil /DevOps/Test/ApplicationLivres/LivresApp/Back/Controllers/book.controller.js">
        <metrics statements="19" coveredstatements="9" conditionals="2" coveredconditionals="2" methods="5" coveredmethods="2"/>
        <line num="3" count="1" type="stmt"/>
        <line num="4" count="1" type="stmt"/>
        <line num="5" count="1" type="stmt"/>
        <line num="6" count="1" type="stmt"/>
        <line num="7" count="1" type="stmt"/>
        <line num="9" count="0" type="stmt"/>
        <line num="10" count="0" type="stmt"/>
        <line num="14" count="1" type="stmt"/>
        <line num="15" count="0" type="stmt"/>
        <line num="16" count="0" type="stmt"/>
        <line num="17" count="0" type="stmt"/>
        <line num="18" count="0" type="stmt"/>
        <line num="20" count="0" type="stmt"/>
        <line num="21" count="0" type="stmt"/>
        <line num="25" count="1" type="stmt"/>
        <line num="26" count="0" type="stmt"/>
        <line num="29" count="1" type="stmt"/>
        <line num="30" count="0" type="stmt"/>
        <line num="38" count="1" type="cond" truecount="2" falsecount="0"/>
      </file>
    </package>
    <package name="Models">
      <metrics statements="13" coveredstatements="12" conditionals="0" coveredconditionals="0" methods="2" coveredmethods="2"/>
      <file name="author.model.js" path="/Users/felicianomandjam/Desktop/Developpement_Web /formationCreteil /DevOps/Test/ApplicationLivres/LivresApp/Back/Models/author.model.js">
        <metrics statements="1" coveredstatements="1" conditionals="0" coveredconditionals="0" methods="1" coveredmethods="1"/>
        <line num="2" count="1" type="stmt"/>
      </file>
      <file name="book.model.js" path="/Users/felicianomandjam/Desktop/Developpement_Web /formationCreteil /DevOps/Test/ApplicationLivres/LivresApp/Back/Models/book.model.js">
        <metrics statements="1" coveredstatements="1" conditionals="0" coveredconditionals="0" methods="1" coveredmethods="1"/>
        <line num="2" count="1" type="stmt"/>
      </file>
      <file name="index.js" path="/Users/felicianomandjam/Desktop/Developpement_Web /formationCreteil /DevOps/Test/ApplicationLivres/LivresApp/Back/Models/index.js">
        <metrics statements="11" coveredstatements="10" conditionals="0" coveredconditionals="0" methods="0" coveredmethods="0"/>
        <line num="7" count="1" type="stmt"/>
        <line num="8" count="1" type="stmt"/>
        <line num="9" count="1" type="stmt"/>
        <line num="11" count="0" type="stmt"/>
        <line num="14" count="1" type="stmt"/>
        <line num="15" count="1" type="stmt"/>
        <line num="17" count="1" type="stmt"/>
        <line num="19" count="1" type="stmt"/>
        <line num="20" count="1" type="stmt"/>
        <line num="22" count="1" type="stmt"/>
        <line num="23" count="1" type="stmt"/>
      </file>
    </package>
    <package name="Routes">
      <metrics statements="10" coveredstatements="10" conditionals="0" coveredconditionals="0" methods="0" coveredmethods="0"/>
      <file name="author.routes.js" path="/Users/felicianomandjam/Desktop/Developpement_Web /formationCreteil /DevOps/Test/ApplicationLivres/LivresApp/Back/Routes/author.routes.js">
        <metrics statements="5" coveredstatements="5" conditionals="0" coveredconditionals="0" methods="0" coveredmethods="0"/>
        <line num="4" count="1" type="stmt"/>
        <line num="6" count="1" type="stmt"/>
        <line num="7" count="1" type="stmt"/>
        <line num="8" count="1" type="stmt"/>
        <line num="9" count="1" type="stmt"/>
      </file>
      <file name="book.routes.js" path="/Users/felicianomandjam/Desktop/Developpement_Web /formationCreteil /DevOps/Test/ApplicationLivres/LivresApp/Back/Routes/book.routes.js">
        <metrics statements="5" coveredstatements="5" conditionals="0" coveredconditionals="0" methods="0" coveredmethods="0"/>
        <line num="4" count="1" type="stmt"/>
        <line num="6" count="1" type="stmt"/>
        <line num="7" count="1" type="stmt"/>
        <line num="8" count="1" type="stmt"/>
        <line num="9" count="1" type="stmt"/>
      </file>
    </package>
    <package name="config">
      <metrics statements="3" coveredstatements="3" conditionals="0" coveredconditionals="0" methods="0" coveredmethods="0"/>
      <file name="db.js" path="/Users/felicianomandjam/Desktop/Developpement_Web /formationCreteil /DevOps/Test/ApplicationLivres/LivresApp/Back/config/db.js">
        <metrics statements="1" coveredstatements="1" conditionals="0" coveredconditionals="0" methods="0" coveredmethods="0"/>
        <line num="4" count="1" type="stmt"/>
      </file>
      <file name="env.js" path="/Users/felicianomandjam/Desktop/Developpement_Web /formationCreteil /DevOps/Test/ApplicationLivres/LivresApp/Back/config/env.js">
        <metrics statements="2" coveredstatements="2" conditionals="0" coveredconditionals="0" methods="0" coveredmethods="0"/>
        <line num="3" count="1" type="stmt"/>
        <line num="5" count="1" type="stmt"/>
      </file>
    </package>
  </project>
</coverage>
