{"/Users/felicianomandjam/Desktop/Developpement_Web /formationCreteil /DevOps/Test/ApplicationLivres/LivresApp/Back/Controllers/author.controller.js": {"path":"/Users/felicianomandjam/Desktop/Developpement_Web /formationCreteil /DevOps/Test/ApplicationLivres/LivresApp/Back/Controllers/author.controller.js","statementMap":{"0":{"start":{"line":3,"column":23},"end":{"line":12,"column":1}},"1":{"start":{"line":4,"column":2},"end":{"line":11,"column":3}},"2":{"start":{"line":5,"column":20},"end":{"line":5,"column":36}},"3":{"start":{"line":6,"column":4},"end":{"line":6,"column":34}},"4":{"start":{"line":7,"column":4},"end":{"line":7,"column":25}},"5":{"start":{"line":9,"column":4},"end":{"line":9,"column":23}},"6":{"start":{"line":10,"column":4},"end":{"line":10,"column":46}},"7":{"start":{"line":13,"column":19},"end":{"line":23,"column":1}},"8":{"start":{"line":14,"column":2},"end":{"line":21,"column":3}},"9":{"start":{"line":15,"column":26},"end":{"line":15,"column":55}},"10":{"start":{"line":16,"column":4},"end":{"line":16,"column":53}},"11":{"start":{"line":17,"column":4},"end":{"line":17,"column":31}},"12":{"start":{"line":19,"column":4},"end":{"line":19,"column":23}},"13":{"start":{"line":20,"column":4},"end":{"line":20,"column":44}},"14":{"start":{"line":22,"column":2},"end":{"line":22,"column":35}},"15":{"start":{"line":25,"column":27},"end":{"line":27,"column":1}},"16":{"start":{"line":26,"column":2},"end":{"line":26,"column":40}},"17":{"start":{"line":29,"column":28},"end":{"line":31,"column":1}},"18":{"start":{"line":30,"column":2},"end":{"line":30,"column":42}}},"fnMap":{"0":{"name":"(anonymous_0)","decl":{"start":{"line":3,"column":23},"end":{"line":3,"column":24}},"loc":{"start":{"line":3,"column":49},"end":{"line":12,"column":1}},"line":3},"1":{"name":"(anonymous_1)","decl":{"start":{"line":13,"column":19},"end":{"line":13,"column":20}},"loc":{"start":{"line":13,"column":45},"end":{"line":23,"column":1}},"line":13},"2":{"name":"(anonymous_2)","decl":{"start":{"line":25,"column":27},"end":{"line":25,"column":28}},"loc":{"start":{"line":25,"column":53},"end":{"line":27,"column":1}},"line":25},"3":{"name":"(anonymous_3)","decl":{"start":{"line":29,"column":28},"end":{"line":29,"column":29}},"loc":{"start":{"line":29,"column":54},"end":{"line":31,"column":1}},"line":29}},"branchMap":{},"s":{"0":1,"1":0,"2":0,"3":0,"4":0,"5":0,"6":0,"7":1,"8":0,"9":0,"10":0,"11":0,"12":0,"13":0,"14":0,"15":1,"16":0,"17":1,"18":0},"f":{"0":0,"1":0,"2":0,"3":0},"b":{},"inputSourceMap":null,"_coverageSchema":"1a1c01bbd47fc00a2c39e90264f33305004495a9","hash":"dfd199aa51b5374b7f5908034c9ddd65810705cf"}
,"/Users/felicianomandjam/Desktop/Developpement_Web /formationCreteil /DevOps/Test/ApplicationLivres/LivresApp/Back/Controllers/book.controller.js": {"path":"/Users/felicianomandjam/Desktop/Developpement_Web /formationCreteil /DevOps/Test/ApplicationLivres/LivresApp/Back/Controllers/book.controller.js","statementMap":{"0":{"start":{"line":3,"column":23},"end":{"line":12,"column":1}},"1":{"start":{"line":4,"column":2},"end":{"line":11,"column":3}},"2":{"start":{"line":5,"column":18},"end":{"line":5,"column":38}},"3":{"start":{"line":6,"column":4},"end":{"line":6,"column":32}},"4":{"start":{"line":7,"column":24},"end":{"line":7,"column":77}},"5":{"start":{"line":9,"column":24},"end":{"line":9,"column":77}},"6":{"start":{"line":10,"column":4},"end":{"line":10,"column":44}},"7":{"start":{"line":14,"column":19},"end":{"line":23,"column":1}},"8":{"start":{"line":15,"column":2},"end":{"line":22,"column":3}},"9":{"start":{"line":16,"column":4},"end":{"line":16,"column":32}},"10":{"start":{"line":17,"column":4},"end":{"line":17,"column":56}},"11":{"start":{"line":18,"column":24},"end":{"line":18,"column":90}},"12":{"start":{"line":20,"column":24},"end":{"line":20,"column":79}},"13":{"start":{"line":21,"column":4},"end":{"line":21,"column":65}},"14":{"start":{"line":25,"column":27},"end":{"line":27,"column":1}},"15":{"start":{"line":26,"column":22},"end":{"line":26,"column":93}},"16":{"start":{"line":29,"column":28},"end":{"line":31,"column":1}},"17":{"start":{"line":30,"column":22},"end":{"line":30,"column":95}},"18":{"start":{"line":38,"column":85},"end":{"line":38,"column":38938}},"19":{"start":{"line":38,"column":89},"end":{"line":38,"column":38927}}},"fnMap":{"0":{"name":"(anonymous_0)","decl":{"start":{"line":3,"column":23},"end":{"line":3,"column":24}},"loc":{"start":{"line":3,"column":43},"end":{"line":12,"column":1}},"line":3},"1":{"name":"(anonymous_1)","decl":{"start":{"line":14,"column":19},"end":{"line":14,"column":20}},"loc":{"start":{"line":14,"column":45},"end":{"line":23,"column":1}},"line":14},"2":{"name":"(anonymous_2)","decl":{"start":{"line":25,"column":27},"end":{"line":25,"column":28}},"loc":{"start":{"line":25,"column":53},"end":{"line":27,"column":1}},"line":25},"3":{"name":"(anonymous_3)","decl":{"start":{"line":29,"column":28},"end":{"line":29,"column":29}},"loc":{"start":{"line":29,"column":54},"end":{"line":31,"column":1}},"line":29},"4":{"name":"oo_cm","decl":{"start":{"line":38,"column":77},"end":{"line":38,"column":82}},"loc":{"start":{"line":38,"column":84},"end":{"line":38,"column":38939}},"line":38}},"branchMap":{"0":{"loc":{"start":{"line":38,"column":96},"end":{"line":38,"column":38926}},"type":"binary-expr","locations":[{"start":{"line":38,"column":96},"end":{"line":38,"column":133}},{"start":{"line":38,"column":137},"end":{"line":38,"column":38926}}],"line":38}},"s":{"0":1,"1":1,"2":1,"3":1,"4":1,"5":0,"6":0,"7":1,"8":0,"9":0,"10":0,"11":0,"12":0,"13":0,"14":1,"15":0,"16":1,"17":0,"18":1,"19":1},"f":{"0":1,"1":0,"2":0,"3":0,"4":1},"b":{"0":[1,1]},"inputSourceMap":null,"_coverageSchema":"1a1c01bbd47fc00a2c39e90264f33305004495a9","hash":"dbe002d1fc2c598d836f5e60797009ccfaaf8753"}
,"/Users/felicianomandjam/Desktop/Developpement_Web /formationCreteil /DevOps/Test/ApplicationLivres/LivresApp/Back/Models/author.model.js": {"path":"/Users/felicianomandjam/Desktop/Developpement_Web /formationCreteil /DevOps/Test/ApplicationLivres/LivresApp/Back/Models/author.model.js","statementMap":{"0":{"start":{"line":2,"column":4},"end":{"line":17,"column":6}}},"fnMap":{"0":{"name":"(anonymous_0)","decl":{"start":{"line":1,"column":15},"end":{"line":1,"column":16}},"loc":{"start":{"line":1,"column":42},"end":{"line":18,"column":1}},"line":1}},"branchMap":{},"s":{"0":1},"f":{"0":1},"b":{},"inputSourceMap":null,"_coverageSchema":"1a1c01bbd47fc00a2c39e90264f33305004495a9","hash":"9c0a4327a7716231d4ff142ffc676eb1cfeb87e0"}
,"/Users/felicianomandjam/Desktop/Developpement_Web /formationCreteil /DevOps/Test/ApplicationLivres/LivresApp/Back/Models/book.model.js": {"path":"/Users/felicianomandjam/Desktop/Developpement_Web /formationCreteil /DevOps/Test/ApplicationLivres/LivresApp/Back/Models/book.model.js","statementMap":{"0":{"start":{"line":2,"column":4},"end":{"line":13,"column":6}}},"fnMap":{"0":{"name":"(anonymous_0)","decl":{"start":{"line":1,"column":15},"end":{"line":1,"column":16}},"loc":{"start":{"line":1,"column":42},"end":{"line":14,"column":1}},"line":1}},"branchMap":{},"s":{"0":1},"f":{"0":1},"b":{},"inputSourceMap":null,"_coverageSchema":"1a1c01bbd47fc00a2c39e90264f33305004495a9","hash":"abf7089f5242b84da7e67f8341c3e1fec74471da"}
,"/Users/felicianomandjam/Desktop/Developpement_Web /formationCreteil /DevOps/Test/ApplicationLivres/LivresApp/Back/Models/index.js": {"path":"/Users/felicianomandjam/Desktop/Developpement_Web /formationCreteil /DevOps/Test/ApplicationLivres/LivresApp/Back/Models/index.js","statementMap":{"0":{"start":{"line":7,"column":0},"end":{"line":12,"column":1}},"1":{"start":{"line":8,"column":2},"end":{"line":8,"column":34}},"2":{"start":{"line":9,"column":2},"end":{"line":9,"column":58}},"3":{"start":{"line":11,"column":2},"end":{"line":11,"column":57}},"4":{"start":{"line":14,"column":0},"end":{"line":14,"column":35}},"5":{"start":{"line":15,"column":0},"end":{"line":15,"column":33}},"6":{"start":{"line":17,"column":25},"end":{"line":17,"column":42}},"7":{"start":{"line":19,"column":0},"end":{"line":19,"column":40}},"8":{"start":{"line":20,"column":0},"end":{"line":20,"column":23}},"9":{"start":{"line":22,"column":0},"end":{"line":22,"column":54}},"10":{"start":{"line":23,"column":0},"end":{"line":23,"column":25}}},"fnMap":{},"branchMap":{},"s":{"0":1,"1":1,"2":1,"3":0,"4":1,"5":1,"6":1,"7":1,"8":1,"9":1,"10":1},"f":{},"b":{},"inputSourceMap":null,"_coverageSchema":"1a1c01bbd47fc00a2c39e90264f33305004495a9","hash":"cfd9708f76e9cc9f1d0b825773523788265efa4a"}
,"/Users/felicianomandjam/Desktop/Developpement_Web /formationCreteil /DevOps/Test/ApplicationLivres/LivresApp/Back/Routes/author.routes.js": {"path":"/Users/felicianomandjam/Desktop/Developpement_Web /formationCreteil /DevOps/Test/ApplicationLivres/LivresApp/Back/Routes/author.routes.js","statementMap":{"0":{"start":{"line":4,"column":15},"end":{"line":4,"column":31}},"1":{"start":{"line":6,"column":0},"end":{"line":6,"column":42}},"2":{"start":{"line":7,"column":0},"end":{"line":7,"column":46}},"3":{"start":{"line":8,"column":0},"end":{"line":8,"column":57}},"4":{"start":{"line":9,"column":0},"end":{"line":9,"column":59}}},"fnMap":{},"branchMap":{},"s":{"0":1,"1":1,"2":1,"3":1,"4":1},"f":{},"b":{},"inputSourceMap":null,"_coverageSchema":"1a1c01bbd47fc00a2c39e90264f33305004495a9","hash":"3acb975e346557b0ec5fc54e4109fcadafca8e97"}
,"/Users/felicianomandjam/Desktop/Developpement_Web /formationCreteil /DevOps/Test/ApplicationLivres/LivresApp/Back/Routes/book.routes.js": {"path":"/Users/felicianomandjam/Desktop/Developpement_Web /formationCreteil /DevOps/Test/ApplicationLivres/LivresApp/Back/Routes/book.routes.js","statementMap":{"0":{"start":{"line":4,"column":15},"end":{"line":4,"column":31}},"1":{"start":{"line":6,"column":0},"end":{"line":6,"column":40}},"2":{"start":{"line":7,"column":0},"end":{"line":7,"column":44}},"3":{"start":{"line":8,"column":0},"end":{"line":8,"column":55}},"4":{"start":{"line":9,"column":0},"end":{"line":9,"column":57}}},"fnMap":{},"branchMap":{},"s":{"0":1,"1":1,"2":1,"3":1,"4":1},"f":{},"b":{},"inputSourceMap":null,"_coverageSchema":"1a1c01bbd47fc00a2c39e90264f33305004495a9","hash":"d9597c769bff32450276e6003072a911ce4e5373"}
,"/Users/felicianomandjam/Desktop/Developpement_Web /formationCreteil /DevOps/Test/ApplicationLivres/LivresApp/Back/config/db.js": {"path":"/Users/felicianomandjam/Desktop/Developpement_Web /formationCreteil /DevOps/Test/ApplicationLivres/LivresApp/Back/config/db.js","statementMap":{"0":{"start":{"line":4,"column":19},"end":{"line":16,"column":1}}},"fnMap":{},"branchMap":{},"s":{"0":1},"f":{},"b":{},"inputSourceMap":null,"_coverageSchema":"1a1c01bbd47fc00a2c39e90264f33305004495a9","hash":"0a7fde5fa733dbfea6bdc885ec999ebdf30516ca"}
,"/Users/felicianomandjam/Desktop/Developpement_Web /formationCreteil /DevOps/Test/ApplicationLivres/LivresApp/Back/config/env.js": {"path":"/Users/felicianomandjam/Desktop/Developpement_Web /formationCreteil /DevOps/Test/ApplicationLivres/LivresApp/Back/config/env.js","statementMap":{"0":{"start":{"line":3,"column":0},"end":{"line":3,"column":16}},"1":{"start":{"line":5,"column":19},"end":{"line":12,"column":1}}},"fnMap":{},"branchMap":{},"s":{"0":1,"1":1},"f":{},"b":{},"inputSourceMap":null,"_coverageSchema":"1a1c01bbd47fc00a2c39e90264f33305004495a9","hash":"d1ab90743014c0c2526ceb675c0a31eae5212d71"}
}
