{"/Users/felicianomandjam/Desktop/Developpement_Web /formationCreteil /DevOps/Test/ApplicationLivres/LivresApp/Back/Controllers/book.controller.js": {"path":"/Users/felicianomandjam/Desktop/Developpement_Web /formationCreteil /DevOps/Test/ApplicationLivres/LivresApp/Back/Controllers/book.controller.js","statementMap":{"0":{"start":{"line":3,"column":23},"end":{"line":13,"column":1}},"1":{"start":{"line":4,"column":2},"end":{"line":12,"column":3}},"2":{"start":{"line":5,"column":18},"end":{"line":5,"column":38}},"3":{"start":{"line":6,"column":4},"end":{"line":6,"column":32}},"4":{"start":{"line":7,"column":24},"end":{"line":7,"column":77}},"5":{"start":{"line":10,"column":4},"end":{"line":10,"column":44}},"6":{"start":{"line":15,"column":19},"end":{"line":23,"column":1}},"7":{"start":{"line":16,"column":2},"end":{"line":22,"column":3}},"8":{"start":{"line":17,"column":4},"end":{"line":17,"column":32}},"9":{"start":{"line":18,"column":4},"end":{"line":18,"column":56}},"10":{"start":{"line":20,"column":24},"end":{"line":20,"column":79}},"11":{"start":{"line":21,"column":4},"end":{"line":21,"column":65}},"12":{"start":{"line":38,"column":85},"end":{"line":38,"column":38932}},"13":{"start":{"line":38,"column":89},"end":{"line":38,"column":38921}}},"fnMap":{"0":{"name":"(anonymous_0)","decl":{"start":{"line":3,"column":23},"end":{"line":3,"column":24}},"loc":{"start":{"line":3,"column":43},"end":{"line":13,"column":1}},"line":3},"1":{"name":"(anonymous_1)","decl":{"start":{"line":15,"column":19},"end":{"line":15,"column":20}},"loc":{"start":{"line":15,"column":45},"end":{"line":23,"column":1}},"line":15},"2":{"name":"oo_cm","decl":{"start":{"line":38,"column":77},"end":{"line":38,"column":82}},"loc":{"start":{"line":38,"column":84},"end":{"line":38,"column":38933}},"line":38}},"branchMap":{"0":{"loc":{"start":{"line":38,"column":96},"end":{"line":38,"column":38920}},"type":"binary-expr","locations":[{"start":{"line":38,"column":96},"end":{"line":38,"column":133}},{"start":{"line":38,"column":137},"end":{"line":38,"column":38920}}],"line":38}},"s":{"0":1,"1":2,"2":2,"3":2,"4":2,"5":0,"6":1,"7":2,"8":2,"9":1,"10":1,"11":1,"12":3,"13":3},"f":{"0":2,"1":2,"2":3},"b":{"0":[3,1]},"inputSourceMap":null,"_coverageSchema":"1a1c01bbd47fc00a2c39e90264f33305004495a9","hash":"96d99f1f4e3533c6c1cb846b0c3b373324f13859"}
,"/Users/felicianomandjam/Desktop/Developpement_Web /formationCreteil /DevOps/Test/ApplicationLivres/LivresApp/Back/Models/author.model.js": {"path":"/Users/felicianomandjam/Desktop/Developpement_Web /formationCreteil /DevOps/Test/ApplicationLivres/LivresApp/Back/Models/author.model.js","statementMap":{"0":{"start":{"line":2,"column":4},"end":{"line":17,"column":6}}},"fnMap":{"0":{"name":"(anonymous_0)","decl":{"start":{"line":1,"column":15},"end":{"line":1,"column":16}},"loc":{"start":{"line":1,"column":42},"end":{"line":18,"column":1}},"line":1}},"branchMap":{},"s":{"0":1},"f":{"0":1},"b":{},"inputSourceMap":null,"_coverageSchema":"1a1c01bbd47fc00a2c39e90264f33305004495a9","hash":"9c0a4327a7716231d4ff142ffc676eb1cfeb87e0"}
,"/Users/felicianomandjam/Desktop/Developpement_Web /formationCreteil /DevOps/Test/ApplicationLivres/LivresApp/Back/Models/book.model.js": {"path":"/Users/felicianomandjam/Desktop/Developpement_Web /formationCreteil /DevOps/Test/ApplicationLivres/LivresApp/Back/Models/book.model.js","statementMap":{"0":{"start":{"line":2,"column":4},"end":{"line":13,"column":6}}},"fnMap":{"0":{"name":"(anonymous_0)","decl":{"start":{"line":1,"column":15},"end":{"line":1,"column":16}},"loc":{"start":{"line":1,"column":42},"end":{"line":14,"column":1}},"line":1}},"branchMap":{},"s":{"0":1},"f":{"0":1},"b":{},"inputSourceMap":null,"_coverageSchema":"1a1c01bbd47fc00a2c39e90264f33305004495a9","hash":"abf7089f5242b84da7e67f8341c3e1fec74471da"}
,"/Users/felicianomandjam/Desktop/Developpement_Web /formationCreteil /DevOps/Test/ApplicationLivres/LivresApp/Back/Models/index.js": {"path":"/Users/felicianomandjam/Desktop/Developpement_Web /formationCreteil /DevOps/Test/ApplicationLivres/LivresApp/Back/Models/index.js","statementMap":{"0":{"start":{"line":7,"column":0},"end":{"line":12,"column":1}},"1":{"start":{"line":8,"column":2},"end":{"line":8,"column":34}},"2":{"start":{"line":9,"column":2},"end":{"line":9,"column":58}},"3":{"start":{"line":11,"column":2},"end":{"line":11,"column":57}},"4":{"start":{"line":14,"column":0},"end":{"line":14,"column":35}},"5":{"start":{"line":15,"column":0},"end":{"line":15,"column":33}},"6":{"start":{"line":17,"column":25},"end":{"line":17,"column":42}},"7":{"start":{"line":19,"column":0},"end":{"line":19,"column":40}},"8":{"start":{"line":20,"column":0},"end":{"line":20,"column":23}},"9":{"start":{"line":22,"column":0},"end":{"line":22,"column":53}},"10":{"start":{"line":23,"column":0},"end":{"line":23,"column":25}}},"fnMap":{},"branchMap":{},"s":{"0":1,"1":1,"2":1,"3":0,"4":1,"5":1,"6":1,"7":1,"8":1,"9":1,"10":1},"f":{},"b":{},"inputSourceMap":null,"_coverageSchema":"1a1c01bbd47fc00a2c39e90264f33305004495a9","hash":"faa6062a7b28b787022f1cc1e7129d038b138f7a"}
,"/Users/felicianomandjam/Desktop/Developpement_Web /formationCreteil /DevOps/Test/ApplicationLivres/LivresApp/Back/Routes/book.routes.js": {"path":"/Users/felicianomandjam/Desktop/Developpement_Web /formationCreteil /DevOps/Test/ApplicationLivres/LivresApp/Back/Routes/book.routes.js","statementMap":{"0":{"start":{"line":4,"column":15},"end":{"line":4,"column":31}},"1":{"start":{"line":6,"column":0},"end":{"line":6,"column":40}},"2":{"start":{"line":7,"column":0},"end":{"line":7,"column":44}}},"fnMap":{},"branchMap":{},"s":{"0":1,"1":1,"2":1},"f":{},"b":{},"inputSourceMap":null,"_coverageSchema":"1a1c01bbd47fc00a2c39e90264f33305004495a9","hash":"8dfff2771bb9da944034d8f1a1884ba8bfead57b"}
,"/Users/felicianomandjam/Desktop/Developpement_Web /formationCreteil /DevOps/Test/ApplicationLivres/LivresApp/Back/config/db.js": {"path":"/Users/felicianomandjam/Desktop/Developpement_Web /formationCreteil /DevOps/Test/ApplicationLivres/LivresApp/Back/config/db.js","statementMap":{"0":{"start":{"line":4,"column":19},"end":{"line":16,"column":1}}},"fnMap":{},"branchMap":{},"s":{"0":1},"f":{},"b":{},"inputSourceMap":null,"_coverageSchema":"1a1c01bbd47fc00a2c39e90264f33305004495a9","hash":"0a7fde5fa733dbfea6bdc885ec999ebdf30516ca"}
,"/Users/felicianomandjam/Desktop/Developpement_Web /formationCreteil /DevOps/Test/ApplicationLivres/LivresApp/Back/config/env.js": {"path":"/Users/felicianomandjam/Desktop/Developpement_Web /formationCreteil /DevOps/Test/ApplicationLivres/LivresApp/Back/config/env.js","statementMap":{"0":{"start":{"line":3,"column":0},"end":{"line":3,"column":16}},"1":{"start":{"line":5,"column":19},"end":{"line":12,"column":1}}},"fnMap":{},"branchMap":{},"s":{"0":1,"1":1},"f":{},"b":{},"inputSourceMap":null,"_coverageSchema":"1a1c01bbd47fc00a2c39e90264f33305004495a9","hash":"d1ab90743014c0c2526ceb675c0a31eae5212d71"}
}
