TN:
SF:Controllers/author.controller.js
FN:3,(anonymous_0)
FNF:1
FNH:1
FNDA:2,(anonymous_0)
DA:3,1
DA:4,2
DA:5,2
DA:6,1
DA:8,1
LF:5
LH:5
BRF:0
BRH:0
end_of_record
TN:
SF:Controllers/book.controller.js
FN:3,(anonymous_0)
FN:39,oo_cm
FNF:2
FNH:2
FNDA:2,(anonymous_0)
FNDA:1,oo_cm
DA:3,1
DA:4,2
DA:5,2
DA:6,1
DA:7,1
DA:10,1
DA:39,1
LF:7
LH:7
BRDA:39,0,0,1
BRDA:39,0,1,0
BRF:2
BRH:1
end_of_record
TN:
SF:Models/author.model.js
FN:1,(anonymous_0)
FNF:1
FNH:1
FNDA:2,(anonymous_0)
DA:2,2
LF:1
LH:1
BRF:0
BRH:0
end_of_record
TN:
SF:Models/book.model.js
FN:1,(anonymous_0)
FNF:1
FNH:1
FNDA:2,(anonymous_0)
DA:2,2
LF:1
LH:1
BRF:0
BRH:0
end_of_record
TN:
SF:Models/index.js
FN:32,oo_cm
FNF:1
FNH:1
FNDA:4,oo_cm
DA:7,2
DA:8,2
DA:9,2
DA:11,0
DA:14,2
DA:15,2
DA:17,2
DA:19,2
DA:20,2
DA:22,2
DA:23,2
DA:32,4
LF:12
LH:11
BRDA:32,0,0,4
BRDA:32,0,1,2
BRF:2
BRH:2
end_of_record
TN:
SF:config/db.js
FNF:0
FNH:0
DA:4,2
LF:1
LH:1
BRF:0
BRH:0
end_of_record
TN:
SF:config/env.js
FNF:0
FNH:0
DA:3,2
DA:5,2
LF:2
LH:2
BRF:0
BRH:0
end_of_record
